<?xml version="1.0" encoding="UTF-8"?>
<!-- Generated by org.testng.reporters.JUnitReportReporter -->
<testsuite hostname="DESKTOP-84TE32L" failures="0" tests="1" name="com.testcases.LeaveListPageTest" time="20.471" errors="0" timestamp="2020-01-25T00:48:21 CST" skipped="0">
  <testcase classname="com.testcases.LeaveListPageTest" name="leaveLabelValidation" time="20.471"/>
</testsuite> <!-- com.testcases.LeaveListPageTest -->
