<?xml version="1.0" encoding="UTF-8"?>
<!-- Generated by org.testng.reporters.JUnitReportReporter -->
<testsuite hostname="DESKTOP-84TE32L" failures="0" tests="3" name="com.half.testcases.SigninPageTest" time="46.941" errors="0" timestamp="2020-01-25T08:10:16 CST" skipped="0">
  <testcase classname="com.half.testcases.SigninPageTest" name="multipleLogin" time="14.950"/>
  <testcase classname="com.half.testcases.SigninPageTest" name="multipleLogin" time="14.573"/>
  <testcase classname="com.half.testcases.SigninPageTest" name="multipleLogin" time="17.418"/>
</testsuite> <!-- com.half.testcases.SigninPageTest -->
