<?xml version="1.0" encoding="UTF-8"?>
<!-- Generated by org.testng.reporters.JUnitReportReporter -->
<testsuite hostname="DESKTOP-84TE32L" failures="0" tests="1" name="com.practiceNotApartOfFramework.XlRecap" time="0.641" errors="0" timestamp="2020-01-25T06:50:05 CST" skipped="0">
  <testcase classname="com.practiceNotApartOfFramework.XlRecap" name="read" time="0.641"/>
</testsuite> <!-- com.practiceNotApartOfFramework.XlRecap -->
