<?xml version="1.0" encoding="UTF-8"?>
<!-- Generated by org.testng.reporters.JUnitReportReporter -->
<testsuite hostname="DESKTOP-84TE32L" failures="0" tests="1" name="com.practiceNotApartOfFramework.XLWriting" time="1.295" errors="0" timestamp="2020-01-25T07:18:39 CST" skipped="0">
  <testcase classname="com.practiceNotApartOfFramework.XLWriting" name="write" time="1.295"/>
</testsuite> <!-- com.practiceNotApartOfFramework.XLWriting -->
