<?xml version="1.0" encoding="UTF-8"?>
<!-- Generated by org.testng.reporters.JUnitReportReporter -->
<testsuite hostname="DESKTOP-84TE32L" failures="0" tests="1" name="com.practiceNotApartOfFramework.PropertyFileReading" time="0.008" errors="0" timestamp="2020-01-25T02:53:55 CST" skipped="0">
  <testcase classname="com.practiceNotApartOfFramework.PropertyFileReading" name="read" time="0.008"/>
</testsuite> <!-- com.practiceNotApartOfFramework.PropertyFileReading -->
