<?xml version="1.0" encoding="UTF-8"?>
<!-- Generated by org.testng.reporters.JUnitReportReporter -->
<testsuite hostname="DESKTOP-84TE32L" failures="0" tests="2" name="com.half.testcases.LeaveListPageTest" time="36.795" errors="0" timestamp="2020-01-25T04:26:45 CST" skipped="0">
  <testcase classname="com.half.testcases.LeaveListPageTest" name="leaveLabelValidation1" time="16.364"/>
  <testcase classname="com.half.testcases.LeaveListPageTest" name="leaveLabelValidation" time="20.431"/>
</testsuite> <!-- com.half.testcases.LeaveListPageTest -->
