<?xml version="1.0" encoding="UTF-8"?>
<!-- Generated by org.testng.reporters.JUnitReportReporter -->
<testsuite hostname="DESKTOP-84TE32L" failures="0" tests="1" name="com.practiceNotApartOfFramework.XLReading" time="0.888" errors="0" timestamp="2020-01-25T05:45:56 CST" skipped="0">
  <testcase classname="com.practiceNotApartOfFramework.XLReading" name="read" time="0.888"/>
</testsuite> <!-- com.practiceNotApartOfFramework.XLReading -->
