<?xml version="1.0" encoding="UTF-8"?>
<!-- Generated by org.testng.reporters.JUnitReportReporter -->
<testsuite hostname="DESKTOP-84TE32L" failures="0" tests="1" name="com.testcases.SigninPageTest" time="15.038" errors="0" timestamp="2020-01-25T00:27:23 CST" skipped="0">
  <testcase classname="com.testcases.SigninPageTest" name="negativeLogin" time="15.038"/>
</testsuite> <!-- com.testcases.SigninPageTest -->
